<?xml version="1.0" encoding="UTF-8"?>
<!-- Generated by org.testng.reporters.JUnitReportReporter -->
<testsuite hostname="DESKTOP-BS115LP" failures="0" tests="4" name="com.Test.HomePageTest" time="24.382" errors="0" timestamp="2022-04-13T04:10:35 EDT" skipped="0">
  <testcase classname="com.Test.HomePageTest" name="getCurrencyListTest" time="9.710"/>
  <system-out/>
  <testcase classname="com.Test.HomePageTest" name="ClickOnContactUs" time="5.945"/>
  <system-out/>
  <testcase classname="com.Test.HomePageTest" name="clickAboutUsTest" time="5.044"/>
  <system-out/>
  <testcase classname="com.Test.HomePageTest" name="pageTitleTest" time="3.683"/>
  <system-out/>
</testsuite> <!-- com.Test.HomePageTest -->
