<?xml version="1.0" encoding="UTF-8"?>
<!-- Generated by org.testng.reporters.JUnitReportReporter -->
<testsuite hostname="DESKTOP-BS115LP" failures="0" tests="3" name="com.Test.LoginPageTest" time="17.438" errors="0" timestamp="2022-04-13T04:10:35 EDT" skipped="0">
  <testcase classname="com.Test.LoginPageTest" name="currentUserNameTest" time="8.936"/>
  <system-out/>
  <testcase classname="com.Test.LoginPageTest" name="pageTitleTest" time="3.983"/>
  <system-out/>
  <testcase classname="com.Test.LoginPageTest" name="loginTest" time="4.519"/>
  <system-out/>
</testsuite> <!-- com.Test.LoginPageTest -->
